# JRE version: Java(TM) SE Runtime Environment (8.0_51-b16) (build 1.8.0_51-b16)
# Java VM: Java HotSpot(TM) Server VM (25.51-b03 mixed mode linux-x86 )
Heap:
 PSYoungGen      total 154368K, used 10229K [0x92cc0000, 0x9d980000, 0xa8200000)
  eden space 144128K, 0% used [0x92cc0000,0x92cc0000,0x9b980000)
  from space 10240K, 99% used [0x9c580000,0x9cf7d478,0x9cf80000)
  to   space 7680K, 0% used [0x9d200000,0x9d200000,0x9d980000)
 ParOldGen       total 31488K, used 31269K [0x68200000, 0x6a0c0000, 0x92cc0000)
  object space 31488K, 99% used [0x68200000,0x6a089670,0x6a0c0000)
 Metaspace       used 24589K, capacity 25207K, committed 25344K, reserved 25904K
GC Heap History (10 events):
Event: 15.822 GC heap after
Heap after GC invocations=9 (full 0):
 PSYoungGen      total 70144K, used 2263K [0x92cc0000, 0x99d00000, 0xa8200000)
  eden space 63488K, 0% used [0x92cc0000,0x92cc0000,0x96ac0000)
  from space 6656K, 34% used [0x96ac0000,0x96cf5d38,0x97140000)
  to   space 6656K, 0% used [0x99680000,0x99680000,0x99d00000)
 ParOldGen       total 22016K, used 11419K [0x68200000, 0x69780000, 0x92cc0000)
  object space 22016K, 51% used [0x68200000,0x68d26f68,0x69780000)
 Metaspace       used 13564K, capacity 13806K, committed 13848K, reserved 14640K
}
Event: 19.686 GC heap before
{Heap before GC invocations=10 (full 0):
 PSYoungGen      total 70144K, used 65751K [0x92cc0000, 0x99d00000, 0xa8200000)
  eden space 63488K, 100% used [0x92cc0000,0x96ac0000,0x96ac0000)
  from space 6656K, 34% used [0x96ac0000,0x96cf5d38,0x97140000)
  to   space 6656K, 0% used [0x99680000,0x99680000,0x99d00000)
 ParOldGen       total 22016K, used 11419K [0x68200000, 0x69780000, 0x92cc0000)
  object space 22016K, 51% used [0x68200000,0x68d26f68,0x69780000)
 Metaspace       used 15967K, capacity 16328K, committed 16384K, reserved 16688K
Event: 19.764 GC heap after
Heap after GC invocations=10 (full 0):
 PSYoungGen      total 107520K, used 6465K [0x92cc0000, 0x99e80000, 0xa8200000)
  eden space 100864K, 0% used [0x92cc0000,0x92cc0000,0x98f40000)
  from space 6656K, 97% used [0x99680000,0x99cd0660,0x99d00000)
  to   space 7424K, 0% used [0x98f40000,0x98f40000,0x99680000)
 ParOldGen       total 22016K, used 13402K [0x68200000, 0x69780000, 0x92cc0000)
  object space 22016K, 60% used [0x68200000,0x68f16bf8,0x69780000)
 Metaspace       used 15967K, capacity 16328K, committed 16384K, reserved 16688K
}
Event: 20.145 GC heap before
{Heap before GC invocations=11 (full 0):
 PSYoungGen      total 107520K, used 10970K [0x92cc0000, 0x99e80000, 0xa8200000)
  eden space 100864K, 4% used [0x92cc0000,0x93126250,0x98f40000)
  from space 6656K, 97% used [0x99680000,0x99cd0660,0x99d00000)
  to   space 7424K, 0% used [0x98f40000,0x98f40000,0x99680000)
 ParOldGen       total 22016K, used 13402K [0x68200000, 0x69780000, 0x92cc0000)
  object space 22016K, 60% used [0x68200000,0x68f16bf8,0x69780000)
 Metaspace       used 16039K, capacity 16367K, committed 16384K, reserved 16688K
Event: 20.183 GC heap after
Heap after GC invocations=11 (full 0):
 PSYoungGen      total 108288K, used 347K [0x92cc0000, 0x9d980000, 0xa8200000)
  eden space 100864K, 0% used [0x92cc0000,0x92cc0000,0x98f40000)
  from space 7424K, 4% used [0x98f40000,0x98f96f08,0x99680000)
  to   space 7680K, 0% used [0x9d200000,0x9d200000,0x9d980000)
 ParOldGen       total 22016K, used 17555K [0x68200000, 0x69780000, 0x92cc0000)
  object space 22016K, 79% used [0x68200000,0x69324f28,0x69780000)
 Metaspace       used 16039K, capacity 16367K, committed 16384K, reserved 16688K
}
Event: 20.183 GC heap before
{Heap before GC invocations=12 (full 1):
 PSYoungGen      total 108288K, used 347K [0x92cc0000, 0x9d980000, 0xa8200000)
  eden space 100864K, 0% used [0x92cc0000,0x92cc0000,0x98f40000)
  from space 7424K, 4% used [0x98f40000,0x98f96f08,0x99680000)
  to   space 7680K, 0% used [0x9d200000,0x9d200000,0x9d980000)
 ParOldGen       total 22016K, used 17555K [0x68200000, 0x69780000, 0x92cc0000)
  object space 22016K, 79% used [0x68200000,0x69324f28,0x69780000)
 Metaspace       used 16039K, capacity 16367K, committed 16384K, reserved 16688K
Event: 20.423 GC heap after
Heap after GC invocations=12 (full 1):
 PSYoungGen      total 108288K, used 0K [0x92cc0000, 0x9d980000, 0xa8200000)
  eden space 100864K, 0% used [0x92cc0000,0x92cc0000,0x98f40000)
  from space 7424K, 0% used [0x98f40000,0x98f40000,0x99680000)
  to   space 7680K, 0% used [0x9d200000,0x9d200000,0x9d980000)
 ParOldGen       total 26112K, used 12009K [0x68200000, 0x69b80000, 0x92cc0000)
  object space 26112K, 45% used [0x68200000,0x68dba5d0,0x69b80000)
 Metaspace       used 16039K, capacity 16367K, committed 16384K, reserved 16688K
}
Event: 29.471 GC heap before
{Heap before GC invocations=13 (full 1):
 PSYoungGen      total 108288K, used 100864K [0x92cc0000, 0x9d980000, 0xa8200000)
  eden space 100864K, 100% used [0x92cc0000,0x98f40000,0x98f40000)
  from space 7424K, 0% used [0x98f40000,0x98f40000,0x99680000)
  to   space 7680K, 0% used [0x9d200000,0x9d200000,0x9d980000)
 ParOldGen       total 26112K, used 12009K [0x68200000, 0x69b80000, 0x92cc0000)
  object space 26112K, 45% used [0x68200000,0x68dba5d0,0x69b80000)
 Metaspace       used 20722K, capacity 21136K, committed 21248K, reserved 21808K
Event: 29.538 GC heap after
Heap after GC invocations=13 (full 1):
 PSYoungGen      total 151808K, used 7667K [0x92cc0000, 0x9d980000, 0xa8200000)
  eden space 144128K, 0% used [0x92cc0000,0x92cc0000,0x9b980000)
  from space 7680K, 99% used [0x9d200000,0x9d97cd70,0x9d980000)
  to   space 10240K, 0% used [0x9c580000,0x9c580000,0x9cf80000)
 ParOldGen       total 26112K, used 15506K [0x68200000, 0x69b80000, 0x92cc0000)
  object space 26112K, 59% used [0x68200000,0x69124918,0x69b80000)
 Metaspace       used 20722K, capacity 21136K, committed 21248K, reserved 21808K
}
Event: 42.151 GC heap before
{Heap before GC invocations=14 (full 1):
 PSYoungGen      total 151808K, used 151795K [0x92cc0000, 0x9d980000, 0xa8200000)
  eden space 144128K, 100% used [0x92cc0000,0x9b980000,0x9b980000)
  from space 7680K, 99% used [0x9d200000,0x9d97cd70,0x9d980000)
  to   space 10240K, 0% used [0x9c580000,0x9c580000,0x9cf80000)
 ParOldGen       total 26112K, used 15506K [0x68200000, 0x69b80000, 0x92cc0000)
  object space 26112K, 59% used [0x68200000,0x69124918,0x69b80000)
 Metaspace       used 24589K, capacity 25207K, committed 25344K, reserved 25904K

